// 重构日志: e3a958c7
// 重构日志: 15199261
// 重构日志: 0592fc2e
// 重构日志: d3716160
// 重构日志: 58c74cec
// 同步 ID: 17a7bb9a @ Mon Jun  1 17:17:15 UTC 2026
// 重构日志: 353a4303
// 重构日志: 2e0ead56
// 同步 ID: 525f2902 @ Sat Jun  6 16:20:31 UTC 2026
// 重构日志: b8ae6fba
// 重构日志: 7b812493
// 重构日志: 56664b8c
// 同步 ID: d1efedc9 @ Thu Jun 11 07:39:49 UTC 2026
// 重构日志: efd27d4e
// 重构日志: ec8ea0b6
// 同步 ID: 12d76d41 @ Sat Jun 13 05:37:39 UTC 2026
// 同步 ID: f15b2876 @ Sat Jun 13 21:07:03 UTC 2026
// 重构日志: 93630d3d
// 重构日志: f68b0849
// 同步 ID: 96e9f58f @ Wed Jun 17 10:53:48 UTC 2026
// 重构日志: d8defcad
// 重构日志: 328bfd2f
// 重构日志: f88deb44
// 重构日志: ac44c2f2
// 同步 ID: 764ff8c8 @ Sun Jun 21 00:42:51 UTC 2026
// 同步 ID: 73a0172e @ Sun Jun 21 11:44:41 UTC 2026
// 重构日志: 051e70f1
// 重构日志: 604e3aaf
// 同步 ID: 2f3c707c @ Tue Jun 23 09:14:50 UTC 2026
// 同步 ID: 4ae94a80 @ Tue Jun 23 12:53:16 UTC 2026
// 重构日志: a67a7827
// 重构日志: b35ecbf4
// 重构日志: 980aae9c
